<?xml version="1.0" encoding="UTF-8"?>
<!-- Generated by org.testng.reporters.JUnitXMLReporter -->
<testsuite hostname="DESKTOP-I0GA969" ignored="0" name="Test" tests="6" failures="1" timestamp="08 Dec 2018 05:14:19 GMT" time="65.143" errors="0">
  <testcase name="login" time="2.623" classname="selenium.ParameterizationUsingDataProvider"/>
  <testcase name="login" time="3.423" classname="selenium.ParameterizationUsingDataProvider"/>
  <testcase name="login" time="2.762" classname="selenium.ParameterizationUsingDataProvider"/>
  <testcase name="login" time="5.26" classname="selenium.ParameterizationUsingDataProvider"/>
  <testcase name="testFaile" time="0.0" classname="selenium.ParameterizationUsingDataProvider">
    <failure type="java.lang.AssertionError" message="expected [true] but found [false]">
      <![CDATA[java.lang.AssertionError: expected [true] but found [false]
at selenium.ParameterizationUsingDataProvider.testFaile(ParameterizationUsingDataProvider.java:85)
... Removed 28 stack frames]]>
    </failure>
  </testcase> <!-- testFaile -->
  <testcase name="testSkip" time="0.0" classname="selenium.ParameterizationUsingDataProvider">
    <skipped/>
  </testcase> <!-- testSkip -->
</testsuite> <!-- Test -->
