<?xml version="1.0" encoding="UTF-8"?>
<testng-results skipped="1" failed="1" ignored="0" total="6" passed="4">
  <reporter-output>
  </reporter-output>
  <suite name="Suite" duration-ms="65143" started-at="2018-12-08T05:13:14Z" finished-at="2018-12-08T05:14:19Z">
    <groups>
    </groups>
    <test name="Test" duration-ms="65143" started-at="2018-12-08T05:13:14Z" finished-at="2018-12-08T05:14:19Z">
      <class name="selenium.ParameterizationUsingDataProvider">
        <test-method status="PASS" signature="setUp(java.lang.String)[pri:0, instance:selenium.ParameterizationUsingDataProvider@29774679]" name="setUp" is-config="true" duration-ms="6623" started-at="2018-12-08T05:13:14Z" finished-at="2018-12-08T05:13:21Z">
          <params>
            <param index="0">
              <value>
                <![CDATA[chrome]]>
              </value>
            </param>
          </params>
          <reporter-output>
          </reporter-output>
        </test-method> <!-- setUp -->
        <test-method status="PASS" signature="login(java.lang.String, java.lang.String, java.lang.String)[pri:0, instance:selenium.ParameterizationUsingDataProvider@29774679]" name="login" duration-ms="2623" started-at="2018-12-08T05:13:21Z" data-provider="DataProviderForLogin" finished-at="2018-12-08T05:13:23Z">
          <params>
            <param index="0">
              <value>
                <![CDATA[^^&%(*]]>
              </value>
            </param>
            <param index="1">
              <value>
                <![CDATA[mercury]]>
              </value>
            </param>
            <param index="2">
              <value>
                <![CDATA[Sign-on: Mercury Tours]]>
              </value>
            </param>
          </params>
          <reporter-output>
          </reporter-output>
        </test-method> <!-- login -->
        <test-method status="PASS" signature="tearDown()[pri:0, instance:selenium.ParameterizationUsingDataProvider@29774679]" name="tearDown" is-config="true" duration-ms="1259" started-at="2018-12-08T05:13:23Z" finished-at="2018-12-08T05:13:24Z">
          <reporter-output>
          </reporter-output>
        </test-method> <!-- tearDown -->
        <test-method status="PASS" signature="setUp(java.lang.String)[pri:0, instance:selenium.ParameterizationUsingDataProvider@29774679]" name="setUp" is-config="true" duration-ms="7773" started-at="2018-12-08T05:13:24Z" finished-at="2018-12-08T05:13:32Z">
          <params>
            <param index="0">
              <value>
                <![CDATA[chrome]]>
              </value>
            </param>
          </params>
          <reporter-output>
          </reporter-output>
        </test-method> <!-- setUp -->
        <test-method status="PASS" signature="login(java.lang.String, java.lang.String, java.lang.String)[pri:0, instance:selenium.ParameterizationUsingDataProvider@29774679]" name="login" duration-ms="3423" started-at="2018-12-08T05:13:32Z" data-provider="DataProviderForLogin" finished-at="2018-12-08T05:13:36Z">
          <params>
            <param index="0">
              <value>
                <![CDATA[mercury]]>
              </value>
            </param>
            <param index="1">
              <value>
                <![CDATA[admin]]>
              </value>
            </param>
            <param index="2">
              <value>
                <![CDATA[Sign-on: Mercury Tours]]>
              </value>
            </param>
          </params>
          <reporter-output>
          </reporter-output>
        </test-method> <!-- login -->
        <test-method status="PASS" signature="tearDown()[pri:0, instance:selenium.ParameterizationUsingDataProvider@29774679]" name="tearDown" is-config="true" duration-ms="913" started-at="2018-12-08T05:13:36Z" finished-at="2018-12-08T05:13:37Z">
          <reporter-output>
          </reporter-output>
        </test-method> <!-- tearDown -->
        <test-method status="PASS" signature="setUp(java.lang.String)[pri:0, instance:selenium.ParameterizationUsingDataProvider@29774679]" name="setUp" is-config="true" duration-ms="7701" started-at="2018-12-08T05:13:37Z" finished-at="2018-12-08T05:13:44Z">
          <params>
            <param index="0">
              <value>
                <![CDATA[chrome]]>
              </value>
            </param>
          </params>
          <reporter-output>
          </reporter-output>
        </test-method> <!-- setUp -->
        <test-method status="PASS" signature="login(java.lang.String, java.lang.String, java.lang.String)[pri:0, instance:selenium.ParameterizationUsingDataProvider@29774679]" name="login" duration-ms="2762" started-at="2018-12-08T05:13:44Z" data-provider="DataProviderForLogin" finished-at="2018-12-08T05:13:47Z">
          <params>
            <param index="0">
              <value>
                <![CDATA[admin]]>
              </value>
            </param>
            <param index="1">
              <value>
                <![CDATA[admin]]>
              </value>
            </param>
            <param index="2">
              <value>
                <![CDATA[Sign-on: Mercury Tours]]>
              </value>
            </param>
          </params>
          <reporter-output>
          </reporter-output>
        </test-method> <!-- login -->
        <test-method status="PASS" signature="tearDown()[pri:0, instance:selenium.ParameterizationUsingDataProvider@29774679]" name="tearDown" is-config="true" duration-ms="976" started-at="2018-12-08T05:13:47Z" finished-at="2018-12-08T05:13:48Z">
          <reporter-output>
          </reporter-output>
        </test-method> <!-- tearDown -->
        <test-method status="PASS" signature="setUp(java.lang.String)[pri:0, instance:selenium.ParameterizationUsingDataProvider@29774679]" name="setUp" is-config="true" duration-ms="7024" started-at="2018-12-08T05:13:48Z" finished-at="2018-12-08T05:13:55Z">
          <params>
            <param index="0">
              <value>
                <![CDATA[chrome]]>
              </value>
            </param>
          </params>
          <reporter-output>
          </reporter-output>
        </test-method> <!-- setUp -->
        <test-method status="PASS" signature="login(java.lang.String, java.lang.String, java.lang.String)[pri:0, instance:selenium.ParameterizationUsingDataProvider@29774679]" name="login" duration-ms="5260" started-at="2018-12-08T05:13:55Z" data-provider="DataProviderForLogin" finished-at="2018-12-08T05:14:00Z">
          <params>
            <param index="0">
              <value>
                <![CDATA[mercury]]>
              </value>
            </param>
            <param index="1">
              <value>
                <![CDATA[mercury]]>
              </value>
            </param>
            <param index="2">
              <value>
                <![CDATA[Find a Flight: Mercury Tours:]]>
              </value>
            </param>
          </params>
          <reporter-output>
          </reporter-output>
        </test-method> <!-- login -->
        <test-method status="PASS" signature="tearDown()[pri:0, instance:selenium.ParameterizationUsingDataProvider@29774679]" name="tearDown" is-config="true" duration-ms="1038" started-at="2018-12-08T05:14:00Z" finished-at="2018-12-08T05:14:01Z">
          <reporter-output>
          </reporter-output>
        </test-method> <!-- tearDown -->
        <test-method status="PASS" signature="setUp(java.lang.String)[pri:0, instance:selenium.ParameterizationUsingDataProvider@29774679]" name="setUp" is-config="true" duration-ms="7383" started-at="2018-12-08T05:14:01Z" finished-at="2018-12-08T05:14:09Z">
          <params>
            <param index="0">
              <value>
                <![CDATA[chrome]]>
              </value>
            </param>
          </params>
          <reporter-output>
          </reporter-output>
        </test-method> <!-- setUp -->
        <test-method status="PASS" signature="tearDown()[pri:0, instance:selenium.ParameterizationUsingDataProvider@29774679]" name="tearDown" is-config="true" duration-ms="1026" started-at="2018-12-08T05:14:09Z" finished-at="2018-12-08T05:14:10Z">
          <reporter-output>
          </reporter-output>
        </test-method> <!-- tearDown -->
        <test-method status="FAIL" signature="testFaile()[pri:0, instance:selenium.ParameterizationUsingDataProvider@29774679]" name="testFaile" duration-ms="0" started-at="2018-12-08T05:14:09Z" finished-at="2018-12-08T05:14:09Z">
          <exception class="java.lang.AssertionError">
            <message>
              <![CDATA[expected [true] but found [false]]]>
            </message>
            <full-stacktrace>
              <![CDATA[java.lang.AssertionError: expected [true] but found [false]
at org.testng.Assert.fail(Assert.java:96)
at org.testng.Assert.failNotEquals(Assert.java:776)
at org.testng.Assert.assertTrue(Assert.java:44)
at org.testng.Assert.assertTrue(Assert.java:54)
at selenium.ParameterizationUsingDataProvider.testFaile(ParameterizationUsingDataProvider.java:85)
at sun.reflect.NativeMethodAccessorImpl.invoke0(Native Method)
at sun.reflect.NativeMethodAccessorImpl.invoke(Unknown Source)
at sun.reflect.DelegatingMethodAccessorImpl.invoke(Unknown Source)
at java.lang.reflect.Method.invoke(Unknown Source)
at org.testng.internal.MethodInvocationHelper.invokeMethod(MethodInvocationHelper.java:124)
at org.testng.internal.Invoker.invokeMethod(Invoker.java:583)
at org.testng.internal.Invoker.invokeTestMethod(Invoker.java:719)
at org.testng.internal.Invoker.invokeTestMethods(Invoker.java:989)
at org.testng.internal.TestMethodWorker.invokeTestMethods(TestMethodWorker.java:125)
at org.testng.internal.TestMethodWorker.run(TestMethodWorker.java:109)
at org.testng.TestRunner.privateRun(TestRunner.java:648)
at org.testng.TestRunner.run(TestRunner.java:505)
at org.testng.SuiteRunner.runTest(SuiteRunner.java:455)
at org.testng.SuiteRunner.runSequentially(SuiteRunner.java:450)
at org.testng.SuiteRunner.privateRun(SuiteRunner.java:415)
at org.testng.SuiteRunner.run(SuiteRunner.java:364)
at org.testng.SuiteRunnerWorker.runSuite(SuiteRunnerWorker.java:52)
at org.testng.SuiteRunnerWorker.run(SuiteRunnerWorker.java:84)
at org.testng.TestNG.runSuitesSequentially(TestNG.java:1208)
at org.testng.TestNG.runSuitesLocally(TestNG.java:1137)
at org.testng.TestNG.runSuites(TestNG.java:1049)
at org.testng.TestNG.run(TestNG.java:1017)
at org.testng.TestNG.privateMain(TestNG.java:1354)
at org.testng.TestNG.main(TestNG.java:1323)
]]>
            </full-stacktrace>
          </exception> <!-- java.lang.AssertionError -->
          <reporter-output>
          </reporter-output>
        </test-method> <!-- testFaile -->
        <test-method status="PASS" signature="setUp(java.lang.String)[pri:0, instance:selenium.ParameterizationUsingDataProvider@29774679]" name="setUp" is-config="true" duration-ms="8364" started-at="2018-12-08T05:14:10Z" finished-at="2018-12-08T05:14:18Z">
          <params>
            <param index="0">
              <value>
                <![CDATA[chrome]]>
              </value>
            </param>
          </params>
          <reporter-output>
          </reporter-output>
        </test-method> <!-- setUp -->
        <test-method status="PASS" signature="tearDown()[pri:0, instance:selenium.ParameterizationUsingDataProvider@29774679]" name="tearDown" is-config="true" duration-ms="979" started-at="2018-12-08T05:14:18Z" finished-at="2018-12-08T05:14:19Z">
          <reporter-output>
          </reporter-output>
        </test-method> <!-- tearDown -->
        <test-method status="SKIP" signature="testSkip()[pri:0, instance:selenium.ParameterizationUsingDataProvider@29774679]" name="testSkip" duration-ms="0" started-at="2018-12-08T05:14:18Z" finished-at="2018-12-08T05:14:18Z">
          <exception class="org.testng.SkipException">
            <message>
              <![CDATA[This test got skipped as it was not ready to be executed]]>
            </message>
            <full-stacktrace>
              <![CDATA[org.testng.SkipException: This test got skipped as it was not ready to be executed
at selenium.ParameterizationUsingDataProvider.testSkip(ParameterizationUsingDataProvider.java:90)
at sun.reflect.NativeMethodAccessorImpl.invoke0(Native Method)
at sun.reflect.NativeMethodAccessorImpl.invoke(Unknown Source)
at sun.reflect.DelegatingMethodAccessorImpl.invoke(Unknown Source)
at java.lang.reflect.Method.invoke(Unknown Source)
at org.testng.internal.MethodInvocationHelper.invokeMethod(MethodInvocationHelper.java:124)
at org.testng.internal.Invoker.invokeMethod(Invoker.java:583)
at org.testng.internal.Invoker.invokeTestMethod(Invoker.java:719)
at org.testng.internal.Invoker.invokeTestMethods(Invoker.java:989)
at org.testng.internal.TestMethodWorker.invokeTestMethods(TestMethodWorker.java:125)
at org.testng.internal.TestMethodWorker.run(TestMethodWorker.java:109)
at org.testng.TestRunner.privateRun(TestRunner.java:648)
at org.testng.TestRunner.run(TestRunner.java:505)
at org.testng.SuiteRunner.runTest(SuiteRunner.java:455)
at org.testng.SuiteRunner.runSequentially(SuiteRunner.java:450)
at org.testng.SuiteRunner.privateRun(SuiteRunner.java:415)
at org.testng.SuiteRunner.run(SuiteRunner.java:364)
at org.testng.SuiteRunnerWorker.runSuite(SuiteRunnerWorker.java:52)
at org.testng.SuiteRunnerWorker.run(SuiteRunnerWorker.java:84)
at org.testng.TestNG.runSuitesSequentially(TestNG.java:1208)
at org.testng.TestNG.runSuitesLocally(TestNG.java:1137)
at org.testng.TestNG.runSuites(TestNG.java:1049)
at org.testng.TestNG.run(TestNG.java:1017)
at org.testng.TestNG.privateMain(TestNG.java:1354)
at org.testng.TestNG.main(TestNG.java:1323)
]]>
            </full-stacktrace>
          </exception> <!-- org.testng.SkipException -->
          <reporter-output>
          </reporter-output>
        </test-method> <!-- testSkip -->
      </class> <!-- selenium.ParameterizationUsingDataProvider -->
    </test> <!-- Test -->
  </suite> <!-- Suite -->
</testng-results>
